<?xml version="1.0" encoding="UTF-8"?>
<testsuite xmlns:xsi="http://www.w3.org/2001/XMLSchema-instance" xsi:noNamespaceSchemaLocation="https://maven.apache.org/surefire/maven-surefire-plugin/xsd/surefire-test-report-3.0.xsd" version="3.0" name="Test.TestTransferFunds" time="0.013" tests="1" errors="1" skipped="0" failures="0">
  <properties>
[...]
</properties>
  <testcase name="SuccesfullyTransferFunds" classname="Test.TestTransferFunds" time="0.007">
    <error message="chromedriver located at ./src/test/resources/chromedriver/chromedriver.exe, cannot be executed&#10;For documentation on this error, please visit: https://www.selenium.dev/documentation/webdriver/troubleshooting/errors/driver_location/&#10;Build info: version: &apos;4.11.0&apos;, revision: &apos;040bc5406b&apos;&#10;System info: os.name: &apos;Linux&apos;, os.arch: &apos;amd64&apos;, os.version: &apos;6.5.0-21-generic&apos;, java.version: &apos;11.0.22&apos;&#10;Driver info: driver.version: ChromeDriver" type="org.openqa.selenium.remote.NoSuchDriverException"><![CDATA[org.openqa.selenium.remote.NoSuchDriverException: 
chromedriver located at ./src/test/resources/chromedriver/chromedriver.exe, cannot be executed
For documentation on this error, please visit: https://www.selenium.dev/documentation/webdriver/troubleshooting/errors/driver_location/
Build info: version: '4.11.0', revision: '040bc5406b'
System info: os.name: 'Linux', os.arch: 'amd64', os.version: '6.5.0-21-generic', java.version: '11.0.22'
Driver info: driver.version: ChromeDriver
	at org.openqa.selenium.remote.service.DriverFinder.getPath(DriverFinder.java:45)
	at org.openqa.selenium.remote.service.DriverFinder.getPath(DriverFinder.java:13)
	at org.openqa.selenium.chrome.ChromeDriver.generateExecutor(ChromeDriver.java:99)
	at org.openqa.selenium.chrome.ChromeDriver.<init>(ChromeDriver.java:88)
	at org.openqa.selenium.chrome.ChromeDriver.<init>(ChromeDriver.java:83)
	at org.openqa.selenium.chrome.ChromeDriver.<init>(ChromeDriver.java:51)
	at Test.TestTransferFunds.setUp(TestTransferFunds.java:30)
	at java.base/java.lang.reflect.Method.invoke(Method.java:566)
	at java.base/java.util.ArrayList.forEach(ArrayList.java:1541)
	at java.base/java.util.ArrayList.forEach(ArrayList.java:1541)
	Suppressed: java.lang.IllegalArgumentException: Input must be set
		at org.openqa.selenium.internal.Require.nonNull(Require.java:60)
		at org.openqa.selenium.support.ui.FluentWait.<init>(FluentWait.java:94)
		at org.openqa.selenium.support.ui.WebDriverWait.<init>(WebDriverWait.java:74)
		at org.openqa.selenium.support.ui.WebDriverWait.<init>(WebDriverWait.java:43)
		at Pages.BasePage.<init>(BasePage.java:17)
		at Pages.RegisterPage.<init>(RegisterPage.java:31)
		at Test.TestTransferFunds.cerrar(TestTransferFunds.java:72)
		... 3 more
]]></error>
  </testcase>
</testsuite>