<?xml version="1.0" encoding="UTF-8"?>
<testsuite xmlns:xsi="http://www.w3.org/2001/XMLSchema-instance" xsi:noNamespaceSchemaLocation="https://maven.apache.org/surefire/maven-surefire-plugin/xsd/surefire-test-report-3.0.xsd" version="3.0" name="TestBack.GetPostTest" time="7.833" tests="5" errors="0" skipped="0" failures="0">
  <properties>
[...]
</properties>
  <testcase name="postTransferFunds" classname="TestBack.GetPostTest" time="4.006">
    <system-out><![CDATA[HTTP/1.1 200 OK
Successfully transferred $100 from account #14676 to account #15897
]]></system-out>
  </testcase>
  <testcase name="getAccountActivity" classname="TestBack.GetPostTest" time="0.547">
    <system-out><![CDATA[<transactions>
  <transaction>
    <id>15364</id>
    <accountId>14676</accountId>
    <type>Debit</type>
    <date>2024-03-09T08:00:00.000Z</date>
    <amount>500.00</amount>
    <description>Down Payment for Loan # 14787</description>
  </transaction>
  <transaction>
    <id>19471</id>
    <accountId>14676</accountId>
    <type>Debit</type>
    <date>2024-03-09T08:00:00.000Z</date>
    <amount>100.00</amount>
    <description>Funds Transfer Sent</description>
  </transaction>
</transactions>
]]></system-out>
  </testcase>
  <testcase name="getRegisterPage" classname="TestBack.GetPostTest" time="1.114">
    <system-out><![CDATA[<html>
  <head>
    <meta charset="UTF-8"/>
    <meta http-equiv="Content-Type" content="text/html; charset=UTF-8"/>
    <title>ParaBank | Register for Free Online Account Access</title>
    <link href="/parabank/template.css;jsessionid=084920E050EFB0C32F42A1B4DCFCC411" rel="stylesheet" type="text/css"/>
    <link href="/parabank/style.css;jsessionid=084920E050EFB0C32F42A1B4DCFCC411" rel="stylesheet" type="text/css"/>
    <script src="/parabank/webjars/angularjs/1.8.3/angular.min.js;jsessionid=084920E050EFB0C32F42A1B4DCFCC411"/>
  </head>
  <body onload="document.login.username.focus();">
    <div id="mainPanel">
      <div id="topPanel">
        <a shape="rect" href="/parabank/admin.htm;jsessionid=084920E050EFB0C32F42A1B4DCFCC411">
          <img class="admin" src="/parabank/images/clear.gif;jsessionid=084920E050EFB0C32F42A1B4DCFCC411" width="56" height="42" border="0"/>
        </a>
        <a shape="rect" href="/parabank/index.htm;jsessionid=084920E050EFB0C32F42A1B4DCFCC411">
          <img class="logo" src="/parabank/images/logo.gif;jsessionid=084920E050EFB0C32F42A1B4DCFCC411" alt="ParaBank" width="136" height="31" border="0" title="ParaBank"/>
        </a>
        <p class="caption">Experience the difference</p>
      </div>
      <div id="headerPanel" style="background: url(/parabank/images/header-main.jpg;jsessionid=084920E050EFB0C32F42A1B4DCFCC411) 0 0 no-repeat;">
        <ul class="leftmenu">
          <li class="Solutions">Solutions</li>
          <li>
            <a shape="rect" href="about.htm;jsessionid=084920E050EFB0C32F42A1B4DCFCC411">About Us</a>
          </li>
          <li>
            <a shape="rect" href="services.htm;jsessionid=084920E050EFB0C32F42A1B4DCFCC411">Services</a>
          </li>
          <li>
            <a shape="rect" href="http://www.parasoft.com/jsp/products.jsp">Products</a>
          </li>
          <li>
            <a shape="rect" href="http://www.parasoft.com/jsp/pr/contacts.jsp">Locations</a>
          </li>
          <li>
            <a shape="rect" href="admin.htm;jsessionid=084920E050EFB0C32F42A1B4DCFCC411">Admin Page</a>
          </li>
        </ul>
        <ul class="button">
          <li class="home">
            <a shape="rect" href="/parabank/index.htm;jsessionid=084920E050EFB0C32F42A1B4DCFCC411">home</a>
          </li>
          <li class="aboutus">
            <a shape="rect" href="about.htm;jsessionid=084920E050EFB0C32F42A1B4DCFCC411">about</a>
          </li>
          <li class="contact">
            <a shape="rect" href="contact.htm;jsessionid=084920E050EFB0C32F42A1B4DCFCC411">contact</a>
          </li>
        </ul>
      </div>
      <div id="bodyPanel">
        <div id="leftPanel">
          <h2>Customer Login</h2>
          <div id="loginPanel">
            <form enctype="application/x-www-form-urlencoded" method="POST" name="login" action="/parabank/login.htm;jsessionid=084920E050EFB0C32F42A1B4DCFCC411">
              <p>
                <b>Username</b>
              </p>
              <div class="login">
                <input type="text" class="input" name="username"/>
              </div>
              <p>
                <b>Password</b>
              </p>
              <div class="login">
                <input type="password" class="input" name="password"/>
              </div>
              <div class="login">
                <input type="submit" class="button" value="Log In"/>
              </div>
            </form>
            <p>
              <a shape="rect" href="lookup.htm;jsessionid=084920E050EFB0C32F42A1B4DCFCC411">Forgot login info?</a>
            </p>
            <p>
              <a shape="rect" href="register.htm;jsessionid=084920E050EFB0C32F42A1B4DCFCC411">Register</a>
            </p>
          </div>
        </div>
        <div id="rightPanel">
          <h1 class="title">Signing up is easy!</h1>
          <p>If you have an account with us you can sign-up for free instant online access. You will have to provide some personal information.</p>
          <form enctype="application/x-www-form-urlencoded" method="post" id="customerForm" action="/parabank/register.htm;jsessionid=084920E050EFB0C32F42A1B4DCFCC411">
            <table class="form2">
              <tr>
                <td align="right" colspan="1" rowspan="1" width="30%">
                  <b>First Name:</b>
                </td>
                <td colspan="1" rowspan="1" width="20%">
                  <input type="text" class="input" id="customer.firstName" name="customer.firstName" value=""/>
                </td>
                <td colspan="1" rowspan="1" width="50%"/>
              </tr>
              <tr>
                <td align="right" colspan="1" rowspan="1" width="30%">
                  <b>Last Name:</b>
                </td>
                <td colspan="1" rowspan="1" width="20%">
                  <input type="text" class="input" id="customer.lastName" name="customer.lastName" value=""/>
                </td>
                <td colspan="1" rowspan="1" width="50%"/>
              </tr>
              <tr>
                <td align="right" colspan="1" rowspan="1" width="30%">
                  <b>Address:</b>
                </td>
                <td colspan="1" rowspan="1" width="20%">
                  <input type="text" class="input" id="customer.address.street" name="customer.address.street" value=""/>
                </td>
                <td colspan="1" rowspan="1" width="50%"/>
              </tr>
              <tr>
                <td align="right" colspan="1" rowspan="1" width="30%">
                  <b>City:</b>
                </td>
                <td colspan="1" rowspan="1" width="20%">
                  <input type="text" class="input" id="customer.address.city" name="customer.address.city" value=""/>
                </td>
                <td colspan="1" rowspan="1" width="50%"/>
              </tr>
              <tr>
                <td align="right" colspan="1" rowspan="1" width="30%">
                  <b>State:</b>
                </td>
                <td colspan="1" rowspan="1" width="20%">
                  <input type="text" class="input" id="customer.address.state" name="customer.address.state" value=""/>
                </td>
                <td colspan="1" rowspan="1" width="50%"/>
              </tr>
              <tr>
                <td align="right" colspan="1" rowspan="1" width="30%">
                  <b>Zip Code:</b>
                </td>
                <td colspan="1" rowspan="1" width="20%">
                  <input type="text" class="input" id="customer.address.zipCode" name="customer.address.zipCode" value=""/>
                </td>
                <td colspan="1" rowspan="1" width="50%"/>
              </tr>
              <tr>
                <td align="right" colspan="1" rowspan="1" width="30%">
                  <b>Phone #:</b>
                </td>
                <td colspan="1" rowspan="1" width="20%">
                  <input type="text" class="input" id="customer.phoneNumber" name="customer.phoneNumber" value=""/>
                </td>
                <td colspan="1" rowspan="1" width="50%"/>
              </tr>
              <tr>
                <td align="right" colspan="1" rowspan="1" width="30%">
                  <b>SSN:</b>
                </td>
                <td colspan="1" rowspan="1" width="20%">
                  <input type="text" class="input" id="customer.ssn" name="customer.ssn" value=""/>
                </td>
                <td colspan="1" rowspan="1" width="50%"/>
              </tr>
              <tr>
                <td colspan="1" rowspan="1"> </td>
              </tr>
              <tr>
                <td align="right" colspan="1" rowspan="1" width="30%">
                  <b>Username:</b>
                </td>
                <td colspan="1" rowspan="1" width="20%">
                  <input type="text" class="input" id="customer.username" name="customer.username" value=""/>
                </td>
                <td colspan="1" rowspan="1" width="50%"/>
              </tr>
              <tr>
                <td align="right" colspan="1" rowspan="1" width="30%">
                  <b>Password:</b>
                </td>
                <td colspan="1" rowspan="1" width="20%">
                  <input type="password" class="input" id="customer.password" name="customer.password" value=""/>
                </td>
                <td colspan="1" rowspan="1" width="50%"/>
              </tr>
              <tr>
                <td align="right" colspan="1" rowspan="1" width="30%">
                  <b>Confirm:</b>
                </td>
                <td colspan="1" rowspan="1" width="20%">
                  <input type="password" class="input" id="repeatedPassword" name="repeatedPassword" value=""/>
                </td>
                <td colspan="1" rowspan="1" width="50%"/>
              </tr>
              <tr>
                <td colspan="1" rowspan="1"> </td>
                <td colspan="2" rowspan="1">
                  <input type="submit" class="button" value="Register"/>
                </td>
              </tr>
            </table>
            <br clear="none"/>
          </form>
        </div>
      </div>
    </div>
    <div id="footermainPanel">
      <div id="footerPanel">
        <ul>
          <li>
            <a shape="rect" href="/parabank/index.htm;jsessionid=084920E050EFB0C32F42A1B4DCFCC411">Home</a>
|           </li>
          <li>
            <a shape="rect" href="about.htm;jsessionid=084920E050EFB0C32F42A1B4DCFCC411">About Us</a>
|           </li>
          <li>
            <a shape="rect" href="services.htm;jsessionid=084920E050EFB0C32F42A1B4DCFCC411">Services</a>
|           </li>
          <li>
            <a shape="rect" href="http://www.parasoft.com/jsp/products.jsp">Products</a>
|           </li>
          <li>
            <a shape="rect" href="http://www.parasoft.com/jsp/pr/contacts.jsp">Locations</a>
|           </li>
          <li>
            <a shape="rect" href="http://forums.parasoft.com/">Forum</a>
|           </li>
          <li>
            <a shape="rect" href="/parabank/sitemap.htm;jsessionid=084920E050EFB0C32F42A1B4DCFCC411">Site Map</a>
|           </li>
          <li>
            <a shape="rect" href="contact.htm;jsessionid=084920E050EFB0C32F42A1B4DCFCC411">Contact Us</a>
          </li>
        </ul>
        <p class="copyright">© Parasoft. All rights reserved.</p>
        <ul class="visit">
          <li>Visit us at:</li>
          <li>
            <a shape="rect" href="http://www.parasoft.com/" target="_blank">www.parasoft.com</a>
          </li>
        </ul>
      </div>
    </div>
  </body>
</html>
]]></system-out>
  </testcase>
  <testcase name="getAccountOverview" classname="TestBack.GetPostTest" time="0.885">
    <system-out><![CDATA[<accounts>
  <account>
    <id>14676</id>
    <customerId>13211</customerId>
    <type>CHECKING</type>
    <balance>4400.00</balance>
  </account>
  <account>
    <id>14787</id>
    <customerId>13211</customerId>
    <type>LOAN</type>
    <balance>10000.00</balance>
  </account>
</accounts>
]]></system-out>
  </testcase>
  <testcase name="PostNewAccount" classname="TestBack.GetPostTest" time="0.994">
    <system-out><![CDATA[HTTP/1.1 200 OK
{
    "id": 16785,
    "customerId": 13211,
    "type": "SAVINGS",
    "balance": 0
}
]]></system-out>
  </testcase>
</testsuite>